     name   xcoord   ycoord   zcoord Oxygen
0       P  -49.810   -2.507  -17.593  False
1       O  -48.495   -2.289  -18.306   True
2       O  -50.298   -3.632  -18.476   True
3      CU  -46.408   22.840   -7.489  False
4      ZN  -49.810   28.758   -7.406  False
5      CL  -59.075   14.231  -13.678  False
6       C  -52.651   -7.006   -6.814  False
7       O  -51.808   -6.948   -7.741   True
8       O  -53.196   -8.122   -6.639   True
9       C  -52.987   -5.809   -5.968  False
10      O  -52.089    6.771  -12.239   True
11      O  -38.351   12.335  -10.164   True
12      O  -46.513    1.857    0.670   True
13      O  -36.294    4.974    0.754   True
14      O  -49.050   -2.422   -5.798   True
15      O  -47.091   18.103    9.083   True
16      O  -57.152   17.619  -10.968   True
17      O  -50.751   20.077    3.859   True
18      O  -54.630   16.715   -4.586   True
19      O  -42.757   20.001    9.114   True
20      O  -55.606   18.507  -13.677   True
21      O  -42.000   -5.563  -11.761   True
22      O  -37.459    1.723    0.145   True
23      O  -55.937   10.275   -6.183   True
24      O  -50.638    1.151  -15.857   True
25      O  -52.733   19.449  -13.679   True
26      O  -55.002   13.022    1.232   True
27      O  -40.684   18.634    9.983   True
28      O  -52.026    2.213   -1.265   True
29      O  -55.286   13.391  -14.107   True
..    ...      ...      ...      ...    ...
62      O  -38.599   -6.154  -15.197   True
63      O  -38.815   19.481  -12.222   True
64      O  -50.766   21.956    8.710   True
65      O  -55.989   -0.061  -11.879   True
66      O  -31.949   11.093    1.905   True
67      O  -43.679   26.168  -12.348   True
68      O  -37.178   24.149    3.908   True
69      O  -58.075   11.377  -14.608   True
70      O  -39.674   20.502  -14.574   True
71      O  -35.733   -4.605   -8.920   True
72      O  -38.979    7.599    8.466   True
73      O  -33.402    1.857  -11.363   True
74      O  -46.611   25.230  -14.477   True
75      O  -30.259    4.726   -8.542   True
76      O  -32.278   10.557   -1.953   True
77      O  -37.840    7.402    6.225   True
78      O  -34.142    4.632    5.029   True
79      O  -36.441    5.046    6.187   True
80      O  -58.908    9.359  -12.503   True
81      O  -39.237    7.374    3.803   True
82      O  -56.530    2.398  -10.194   True
83      O  -30.880    6.242    8.109   True
84      O  -46.938   17.089   12.271   True
85      O  -54.910   15.890    2.727   True
86      O  -54.222   20.125    1.358   True
87      O  -54.495   18.411   -0.614   True
88      O  -55.444   18.600   -2.862   True
89      O  -48.008   14.072  -15.844   True
90      O  -43.157   14.550  -16.419   True
91      O  -48.621   11.447  -14.847   True

[92 rows x 5 columns]
