name, xcoord, ycoord, zcoord
    P,  -49.810,   -2.507,  -17.593
    O,  -48.495,   -2.289,  -18.306
    O,  -50.298,   -3.632,  -18.476
   CU,  -46.408,   22.840,   -7.489
   ZN,  -49.810,   28.758,   -7.406
   CL,  -59.075,   14.231,  -13.678
    C,  -52.651,   -7.006,   -6.814
    O,  -51.808,   -6.948,   -7.741
    O,  -53.196,   -8.122,   -6.639
    C,  -52.987,   -5.809,   -5.968
    O,  -52.089,    6.771,  -12.239
    O,  -38.351,   12.335,  -10.164
    O,  -46.513,    1.857,    0.670
    O,  -36.294,    4.974,    0.754
    O,  -49.050,   -2.422,   -5.798
    O,  -47.091,   18.103,    9.083
    O,  -57.152,   17.619,  -10.968
    O,  -50.751,   20.077,    3.859
    O,  -54.630,   16.715,   -4.586
    O,  -42.757,   20.001,    9.114
    O,  -55.606,   18.507,  -13.677
    O,  -42.000,   -5.563,  -11.761
    O,  -37.459,    1.723,    0.145
    O,  -55.937,   10.275,   -6.183
    O,  -50.638,    1.151,  -15.857
    O,  -52.733,   19.449,  -13.679
    O,  -55.002,   13.022,    1.232
    O,  -40.684,   18.634,    9.983
    O,  -52.026,    2.213,   -1.265
    O,  -55.286,   13.391,  -14.107
    O,  -33.438,   12.368,   -5.258
    O,  -37.721,    0.027,  -15.881
    O,  -54.388,   11.791,   -2.547
    O,  -45.294,   -0.821,  -15.999
    O,  -47.442,    8.754,    1.712
    O,  -38.317,    7.539,    0.868
    O,  -51.808,    2.449,  -18.895
    O,  -52.741,   10.154,   -0.740
    O,  -44.537,    2.142,  -17.274
    O,  -45.248,   19.529,    9.654
    O,  -38.239,    5.001,    2.855
    O,  -36.823,   -2.405,   -2.854
    O,  -42.024,    7.392,    4.347
    O,  -50.807,   -3.616,  -11.737
    O,  -39.661,   -6.528,  -12.351
    O,  -37.440,    4.958,  -19.055
    O,  -52.128,   20.005,    7.873
    O,  -52.175,   -1.218,  -12.914
    O,  -40.897,   18.765,   12.782
    O,  -32.574,   13.323,  -12.231
    O,  -40.547,   13.887,  -17.355
    O,  -55.379,    6.143,   -7.414
    O,  -38.134,   14.542,  -15.979
    O,  -38.207,   20.203,    9.146
    O,  -32.650,    6.043,   -5.797
    O,  -48.440,   14.905,   -3.052
    O,  -34.307,   16.006,   -5.555
    O,  -49.875,   12.455,    8.087
    O,  -46.348,   14.335,   10.909
    O,  -55.996,   14.562,   -4.013
    O,  -55.787,   14.399,   -1.103
    O,  -39.144,   22.593,   10.296
    O,  -38.599,   -6.154,  -15.197
    O,  -38.815,   19.481,  -12.222
    O,  -50.766,   21.956,    8.710
    O,  -55.989,   -0.061,  -11.879
    O,  -31.949,   11.093,    1.905
    O,  -43.679,   26.168,  -12.348
    O,  -37.178,   24.149,    3.908
    O,  -58.075,   11.377,  -14.608
    O,  -39.674,   20.502,  -14.574
    O,  -35.733,   -4.605,   -8.920
    O,  -38.979,    7.599,    8.466
    O,  -33.402,    1.857,  -11.363
    O,  -46.611,   25.230,  -14.477
    O,  -30.259,    4.726,   -8.542
    O,  -32.278,   10.557,   -1.953
    O,  -37.840,    7.402,    6.225
    O,  -34.142,    4.632,    5.029
    O,  -36.441,    5.046,    6.187
    O,  -58.908,    9.359,  -12.503
    O,  -39.237,    7.374,    3.803
    O,  -56.530,    2.398,  -10.194
    O,  -30.880,    6.242,    8.109
    O,  -46.938,   17.089,   12.271
    O,  -54.910,   15.890,    2.727
    O,  -54.222,   20.125,    1.358
    O,  -54.495,   18.411,   -0.614
    O,  -55.444,   18.600,   -2.862
    O,  -48.008,   14.072,  -15.844
    O,  -43.157,   14.550,  -16.419
    O,  -48.621,   11.447,  -14.847
